<?xml version="1.0" encoding="utf-8"?><testsuites name="pytest tests"><testsuite name="pytest" errors="0" failures="0" skipped="0" tests="44" time="5.530" timestamp="2026-06-24T14:32:53.777110+00:00" hostname="agent-env-fdde4c7e-832d-4473-bd0b-c4c2e0e48657"><testcase classname="backend.tests.test_iteration2.TestQueryTokenAuth" name="test_query_token_works" time="0.381" /><testcase classname="backend.tests.test_iteration2.TestQueryTokenAuth" name="test_invalid_query_token_rejected" time="0.138" /><testcase classname="backend.tests.test_iteration2.TestQueryTokenAuth" name="test_no_token_rejected" time="0.139" /><testcase classname="backend.tests.test_iteration2.TestCustomerNameAndLookup" name="test_unknown_mobile_returns_not_returning" time="0.132" /><testcase classname="backend.tests.test_iteration2.TestCustomerNameAndLookup" name="test_create_bill_with_customer_name_and_lookup_aggregates" time="0.279" /><testcase classname="backend.tests.test_iteration2.TestCustomerNameAndLookup" name="test_discount_rule_unchanged_at_700" time="0.105" /><testcase classname="backend.tests.test_iteration2.TestCustomerNameAndLookup" name="test_discount_rule_unchanged_at_699" time="0.097" /><testcase classname="backend.tests.test_iteration2.TestCustomerNameAndLookup" name="test_loyalty_no_extra_discount_for_returning_customer" time="0.678" /><testcase classname="backend.tests.test_iteration2.TestInventoryCostPrice" name="test_create_with_cost_price" time="0.093" /><testcase classname="backend.tests.test_iteration2.TestInventoryCostPrice" name="test_create_without_cost_price_defaults_zero" time="0.048" /><testcase classname="backend.tests.test_iteration2.TestInventoryCostPrice" name="test_update_cost_price" time="0.261" /><testcase classname="backend.tests.test_iteration2.TestCategoryReport" name="test_category_report_math" time="0.279" /><testcase classname="backend.tests.test_iteration2.TestWhatsAppClosing" name="test_whatsapp_closing" time="0.047" /><testcase classname="backend.tests.test_iteration2.TestExports" name="test_sales_xlsx_with_query_token" time="0.116" /><testcase classname="backend.tests.test_iteration2.TestExports" name="test_sales_csv_with_query_token" time="0.101" /><testcase classname="backend.tests.test_iteration2.TestExports" name="test_inventory_xlsx_with_query_token" time="0.112" /><testcase classname="backend.tests.test_iteration2.TestExports" name="test_inventory_csv_with_query_token" time="0.102" /><testcase classname="backend.tests.test_iteration2.TestExports" name="test_export_invalid_token" time="0.142" /><testcase classname="backend.tests.test_pos_backend.TestAuth" name="test_login_success" time="0.100" /><testcase classname="backend.tests.test_pos_backend.TestAuth" name="test_login_wrong_password" time="0.127" /><testcase classname="backend.tests.test_pos_backend.TestAuth" name="test_inventory_requires_auth" time="0.097" /><testcase classname="backend.tests.test_pos_backend.TestAuth" name="test_invalid_token_rejected" time="0.100" /><testcase classname="backend.tests.test_pos_backend.TestSeed" name="test_seed_idempotent" time="0.094" /><testcase classname="backend.tests.test_pos_backend.TestSeed" name="test_seed_repeat_returns_false" time="0.049" /><testcase classname="backend.tests.test_pos_backend.TestInventoryCRUD" name="test_create_inventory" time="0.046" /><testcase classname="backend.tests.test_pos_backend.TestInventoryCRUD" name="test_duplicate_item_id_rejected" time="0.093" /><testcase classname="backend.tests.test_pos_backend.TestInventoryCRUD" name="test_list_sorted" time="0.044" /><testcase classname="backend.tests.test_pos_backend.TestInventoryCRUD" name="test_update_inventory" time="0.094" /><testcase classname="backend.tests.test_pos_backend.TestInventoryCRUD" name="test_delete_inventory" time="0.428" /><testcase classname="backend.tests.test_pos_backend.TestBilling" name="test_setup_inventory" time="0.100" /><testcase classname="backend.tests.test_pos_backend.TestBilling" name="test_empty_items_rejected" time="0.043" /><testcase classname="backend.tests.test_pos_backend.TestBilling" name="test_insufficient_stock" time="0.046" /><testcase classname="backend.tests.test_pos_backend.TestBilling" name="test_payment_mismatch_rejected" time="0.047" /><testcase classname="backend.tests.test_pos_backend.TestBilling" name="test_create_bill_no_discount" time="0.048" /><testcase classname="backend.tests.test_pos_backend.TestBilling" name="test_create_bill_with_discount_and_inventory_deduction" time="0.145" /><testcase classname="backend.tests.test_pos_backend.TestBilling" name="test_negative_upi_for_change" time="0.102" /><testcase classname="backend.tests.test_pos_backend.TestBilling" name="test_get_bill_by_id" time="0.055" /><testcase classname="backend.tests.test_pos_backend.TestBilling" name="test_list_bills_today_filter" time="0.046" /><testcase classname="backend.tests.test_pos_backend.TestBilling" name="test_list_bills_all_and_search" time="0.047" /><testcase classname="backend.tests.test_pos_backend.TestBilling" name="test_list_bills_month" time="0.053" /><testcase classname="backend.tests.test_pos_backend.TestBilling" name="test_list_bills_yesterday" time="0.046" /><testcase classname="backend.tests.test_pos_backend.TestDashboardReports" name="test_dashboard_today" time="0.057" /><testcase classname="backend.tests.test_pos_backend.TestDashboardReports" name="test_daily_report" time="0.049" /><testcase classname="backend.tests.test_pos_backend.TestDashboardReports" name="test_inventory_report" time="0.050" /></testsuite></testsuites>