<?xml version="1.0" encoding="utf-8"?><testsuites name="pytest tests"><testsuite name="pytest" errors="0" failures="1" skipped="0" tests="26" time="3.033" timestamp="2026-06-24T13:53:25.674206+00:00" hostname="agent-env-fdde4c7e-832d-4473-bd0b-c4c2e0e48657"><testcase classname="backend.tests.test_pos_backend.TestAuth" name="test_login_success" time="0.176" /><testcase classname="backend.tests.test_pos_backend.TestAuth" name="test_login_wrong_password" time="0.122" /><testcase classname="backend.tests.test_pos_backend.TestAuth" name="test_inventory_requires_auth" time="0.132" /><testcase classname="backend.tests.test_pos_backend.TestAuth" name="test_invalid_token_rejected" time="0.133" /><testcase classname="backend.tests.test_pos_backend.TestSeed" name="test_seed_idempotent" time="0.319" /><testcase classname="backend.tests.test_pos_backend.TestSeed" name="test_seed_repeat_returns_false" time="0.057" /><testcase classname="backend.tests.test_pos_backend.TestInventoryCRUD" name="test_create_inventory" time="0.072" /><testcase classname="backend.tests.test_pos_backend.TestInventoryCRUD" name="test_duplicate_item_id_rejected" time="0.118"><failure message="assert 200 == 400&#10; +  where 200 = &lt;Response [200]&gt;.status_code">backend/tests/test_pos_backend.py:85: in test_duplicate_item_id_rejected
    assert r2.status_code == 400
E   assert 200 == 400
E    +  where 200 = &lt;Response [200]&gt;.status_code</failure></testcase><testcase classname="backend.tests.test_pos_backend.TestInventoryCRUD" name="test_list_sorted" time="0.055" /><testcase classname="backend.tests.test_pos_backend.TestInventoryCRUD" name="test_update_inventory" time="0.114" /><testcase classname="backend.tests.test_pos_backend.TestInventoryCRUD" name="test_delete_inventory" time="0.498" /><testcase classname="backend.tests.test_pos_backend.TestBilling" name="test_setup_inventory" time="0.108" /><testcase classname="backend.tests.test_pos_backend.TestBilling" name="test_empty_items_rejected" time="0.051" /><testcase classname="backend.tests.test_pos_backend.TestBilling" name="test_insufficient_stock" time="0.060" /><testcase classname="backend.tests.test_pos_backend.TestBilling" name="test_payment_mismatch_rejected" time="0.059" /><testcase classname="backend.tests.test_pos_backend.TestBilling" name="test_create_bill_no_discount" time="0.092" /><testcase classname="backend.tests.test_pos_backend.TestBilling" name="test_create_bill_with_discount_and_inventory_deduction" time="0.175" /><testcase classname="backend.tests.test_pos_backend.TestBilling" name="test_negative_upi_for_change" time="0.112" /><testcase classname="backend.tests.test_pos_backend.TestBilling" name="test_get_bill_by_id" time="0.060" /><testcase classname="backend.tests.test_pos_backend.TestBilling" name="test_list_bills_today_filter" time="0.064" /><testcase classname="backend.tests.test_pos_backend.TestBilling" name="test_list_bills_all_and_search" time="0.065" /><testcase classname="backend.tests.test_pos_backend.TestBilling" name="test_list_bills_month" time="0.062" /><testcase classname="backend.tests.test_pos_backend.TestBilling" name="test_list_bills_yesterday" time="0.054" /><testcase classname="backend.tests.test_pos_backend.TestDashboardReports" name="test_dashboard_today" time="0.064" /><testcase classname="backend.tests.test_pos_backend.TestDashboardReports" name="test_daily_report" time="0.058" /><testcase classname="backend.tests.test_pos_backend.TestDashboardReports" name="test_inventory_report" time="0.070" /></testsuite></testsuites>